<?xml version="1.0" encoding="UTF-8"?>
<testsuite xmlns:xsi="http://www.w3.org/2001/XMLSchema-instance" xsi:noNamespaceSchemaLocation="https://maven.apache.org/surefire/maven-surefire-plugin/xsd/surefire-test-report.xsd" name="TestSuite" time="240.046" tests="1" errors="0" skipped="0" failures="1">
  <properties>
[...]
</properties>
  <testcase name="RegisteredUser_CheckoutFlow" classname="test.CheckoutTest" time="232.756">
    <failure message="An element could not be located on the page using the given search parameters. (WARNING: The server did not provide any stacktrace information)&#10;Command duration or timeout: 0 milliseconds&#10;For documentation on this error, please visit: http://seleniumhq.org/exceptions/no_such_element.html&#10;Build info: version: &apos;3.11.0&apos;, revision: &apos;e59cfb3&apos;, time: &apos;2018-03-11T20:26:55.152Z&apos;&#10;System info: host: &apos;VAIBHAV&apos;, ip: &apos;192.168.43.217&apos;, os.name: &apos;Windows 10&apos;, os.arch: &apos;amd64&apos;, os.version: &apos;10.0&apos;, java.version: &apos;1.8.0_66&apos;&#10;Driver info: io.appium.java_client.android.AndroidDriver&#10;Capabilities {app: C:\Users\Vaibhav\git\ebayMo..., automationName: uiautomator2, deviceName: Pixel, javascriptEnabled: true, platform: ANDROID, platformName: ANDROID, platformVersion: 7.0}&#10;Session ID: 7eba19b9-1476-44db-9b55-b7ec5450c2bc&#10;*** Element info: {Using=id, value=com.ebay.mobile:id/take_action}" type="org.openqa.selenium.NoSuchElementException">org.openqa.selenium.NoSuchElementException: 
An element could not be located on the page using the given search parameters. (WARNING: The server did not provide any stacktrace information)
Command duration or timeout: 0 milliseconds
For documentation on this error, please visit: http://seleniumhq.org/exceptions/no_such_element.html
Build info: version: '3.11.0', revision: 'e59cfb3', time: '2018-03-11T20:26:55.152Z'
System info: host: 'VAIBHAV', ip: '192.168.43.217', os.name: 'Windows 10', os.arch: 'amd64', os.version: '10.0', java.version: '1.8.0_66'
Driver info: io.appium.java_client.android.AndroidDriver
Capabilities {app: C:\Users\Vaibhav\git\ebayMo..., automationName: uiautomator2, deviceName: Pixel, javascriptEnabled: true, platform: ANDROID, platformName: ANDROID, platformVersion: 7.0}
Session ID: 7eba19b9-1476-44db-9b55-b7ec5450c2bc
*** Element info: {Using=id, value=com.ebay.mobile:id/take_action}
	at test.CheckoutTest.RegisteredUser_CheckoutFlow(CheckoutTest.java:24)
</failure>
    <system-out><![CDATA[ Wed May 09 04:15:05 IST 2018 Execeution Started : Test
 Wed May 09 04:15:05 IST 2018 Test Started : RegisteredUser_CheckoutFlow
]]></system-out>
    <system-err><![CDATA[May 09, 2018 4:15:55 AM org.openqa.selenium.remote.ProtocolHandshake createSession
INFO: Detected dialect: OSS
]]></system-err>
  </testcase>
</testsuite>