<?xml version="1.0" encoding="UTF-8"?>
<testng-results skipped="0" failed="1" total="1" passed="0">
  <reporter-output>
    <line>
      <![CDATA[ Wed May 09 04:15:05 IST 2018 Execeution Started : Test]]>
    </line>
    <line>
      <![CDATA[ Wed May 09 04:15:05 IST 2018 Test Started : RegisteredUser_CheckoutFlow]]>
    </line>
    <line>
      <![CDATA[Wed May 09 04:15:55 IST 2018 : Launch Application]]>
    </line>
    <line>
      <![CDATA[Wed May 09 04:15:58 IST 2018 : Click on "Hamburger button in home screen"]]>
    </line>
    <line>
      <![CDATA[Wed May 09 04:16:00 IST 2018 : Click on "Sign in button in hamburger menu"]]>
    </line>
    <line>
      <![CDATA[Wed May 09 04:16:04 IST 2018 : Type "ebaytestassignment@eb.com" in "email id field in sign in screen"]]>
    </line>
    <line>
      <![CDATA[Wed May 09 04:16:09 IST 2018 : Type "Infosys123" in "password field in sign in screen"]]>
    </line>
    <line>
      <![CDATA[Wed May 09 04:16:12 IST 2018 : Click on "Sign in button in sign in screen"]]>
    </line>
    <line>
      <![CDATA[Wed May 09 04:16:15 IST 2018 : Click on "fingerprint maybe later button"]]>
    </line>
    <line>
      <![CDATA[Wed May 09 04:16:25 IST 2018 : Click on "Search input1 in home screen"]]>
    </line>
    <line>
      <![CDATA[Wed May 09 04:16:30 IST 2018 : Type "65-inch TV" in "Search input2 in home screen"]]>
    </line>
    <line>
      <![CDATA[Wed May 09 04:17:12 IST 2018 : Verified invisibility of "loader image"]]>
    </line>
    <line>
      <![CDATA[Wed May 09 04:17:13 IST 2018 : Click on "Auto suggestion list for search item"]]>
    </line>
    <line>
      <![CDATA[Wed May 09 04:17:46 IST 2018 : Clicked on item SONY BRAVIA 65 INCH 65X9300D ULTRA HD 4K SMART LED TV +ONE YEAR DEALER WARRANTY]]>
    </line>
    <line>
      <![CDATA[Wed May 09 04:17:51 IST 2018 : Verified "Product name" contains "SONY BRAVIA 65 INCH 65X9300D ULTRA HD 4K SMART LED TV +ONE YEAR DEALER WARRANTY"]]>
    </line>
    <line>
      <![CDATA[Wed May 09 04:17:51 IST 2018 : Verified "Product price" contains "₹ 2,10,990"]]>
    </line>
    <line>
      <![CDATA[Wed May 09 04:17:54 IST 2018 : Click on "Add to cart button"]]>
    </line>
    <line>
      <![CDATA[ Wed May 09 04:19:02 IST 2018 Test Failed : RegisteredUser_CheckoutFlow]]>
    </line>
  </reporter-output>
  <suite name="Suite" duration-ms="238859" started-at="2018-05-08T22:45:05Z" finished-at="2018-05-08T22:49:04Z">
    <groups>
    </groups>
    <test name="Test" duration-ms="238859" started-at="2018-05-08T22:45:05Z" finished-at="2018-05-08T22:49:04Z">
      <class name="test.CheckoutTest">
        <test-method status="FAIL" signature="RegisteredUser_CheckoutFlow(helper.DataEntity)[pri:0, instance:test.CheckoutTest@70242f38]" name="RegisteredUser_CheckoutFlow" duration-ms="232751" started-at="2018-05-09T04:15:05Z" data-provider="checkOutData" finished-at="2018-05-09T04:18:57Z">
          <params>
            <param index="0">
              <value>
                <![CDATA[helper.DataEntity@17273273]]>
              </value>
            </param>
          </params>
          <exception class="org.openqa.selenium.NoSuchElementException">
            <message>
              <![CDATA[An element could not be located on the page using the given search parameters. (WARNING: The server did not provide any stacktrace information)
Command duration or timeout: 0 milliseconds
For documentation on this error, please visit: http://seleniumhq.org/exceptions/no_such_element.html
Build info: version: '3.11.0', revision: 'e59cfb3', time: '2018-03-11T20:26:55.152Z'
System info: host: 'VAIBHAV', ip: '192.168.43.217', os.name: 'Windows 10', os.arch: 'amd64', os.version: '10.0', java.version: '1.8.0_66'
Driver info: io.appium.java_client.android.AndroidDriver
Capabilities {app: C:\Users\Vaibhav\git\ebayMo..., automationName: uiautomator2, deviceName: Pixel, javascriptEnabled: true, platform: ANDROID, platformName: ANDROID, platformVersion: 7.0}
Session ID: 7eba19b9-1476-44db-9b55-b7ec5450c2bc
*** Element info: {Using=id, value=com.ebay.mobile:id/take_action}]]>
            </message>
            <full-stacktrace>
              <![CDATA[org.openqa.selenium.NoSuchElementException: An element could not be located on the page using the given search parameters. (WARNING: The server did not provide any stacktrace information)
Command duration or timeout: 0 milliseconds
For documentation on this error, please visit: http://seleniumhq.org/exceptions/no_such_element.html
Build info: version: '3.11.0', revision: 'e59cfb3', time: '2018-03-11T20:26:55.152Z'
System info: host: 'VAIBHAV', ip: '192.168.43.217', os.name: 'Windows 10', os.arch: 'amd64', os.version: '10.0', java.version: '1.8.0_66'
Driver info: io.appium.java_client.android.AndroidDriver
Capabilities {app: C:\Users\Vaibhav\git\ebayMo..., automationName: uiautomator2, deviceName: Pixel, javascriptEnabled: true, platform: ANDROID, platformName: ANDROID, platformVersion: 7.0}
Session ID: 7eba19b9-1476-44db-9b55-b7ec5450c2bc
*** Element info: {Using=id, value=com.ebay.mobile:id/take_action}
	at sun.reflect.NativeConstructorAccessorImpl.newInstance0(Native Method)
	at sun.reflect.NativeConstructorAccessorImpl.newInstance(NativeConstructorAccessorImpl.java:62)
	at sun.reflect.DelegatingConstructorAccessorImpl.newInstance(DelegatingConstructorAccessorImpl.java:45)
	at java.lang.reflect.Constructor.newInstance(Constructor.java:422)
	at org.openqa.selenium.remote.ErrorHandler.createThrowable(ErrorHandler.java:214)
	at org.openqa.selenium.remote.ErrorHandler.throwIfResponseFailed(ErrorHandler.java:166)
	at org.openqa.selenium.remote.http.JsonHttpResponseCodec.reconstructValue(JsonHttpResponseCodec.java:40)
	at org.openqa.selenium.remote.http.AbstractHttpResponseCodec.decode(AbstractHttpResponseCodec.java:80)
	at org.openqa.selenium.remote.http.AbstractHttpResponseCodec.decode(AbstractHttpResponseCodec.java:44)
	at org.openqa.selenium.remote.HttpCommandExecutor.execute(HttpCommandExecutor.java:158)
	at io.appium.java_client.remote.AppiumCommandExecutor.execute(AppiumCommandExecutor.java:89)
	at org.openqa.selenium.remote.RemoteWebDriver.execute(RemoteWebDriver.java:545)
	at io.appium.java_client.DefaultGenericMobileDriver.execute(DefaultGenericMobileDriver.java:42)
	at io.appium.java_client.AppiumDriver.execute(AppiumDriver.java:1)
	at io.appium.java_client.android.AndroidDriver.execute(AndroidDriver.java:1)
	at org.openqa.selenium.remote.RemoteWebDriver.findElement(RemoteWebDriver.java:319)
	at io.appium.java_client.DefaultGenericMobileDriver.findElement(DefaultGenericMobileDriver.java:62)
	at io.appium.java_client.AppiumDriver.findElement(AppiumDriver.java:1)
	at io.appium.java_client.android.AndroidDriver.findElement(AndroidDriver.java:1)
	at org.openqa.selenium.remote.RemoteWebDriver.findElementById(RemoteWebDriver.java:365)
	at io.appium.java_client.DefaultGenericMobileDriver.findElementById(DefaultGenericMobileDriver.java:70)
	at io.appium.java_client.AppiumDriver.findElementById(AppiumDriver.java:1)
	at io.appium.java_client.android.AndroidDriver.findElementById(AndroidDriver.java:1)
	at org.openqa.selenium.By$ById.findElement(By.java:218)
	at org.openqa.selenium.remote.RemoteWebDriver.findElement(RemoteWebDriver.java:311)
	at io.appium.java_client.DefaultGenericMobileDriver.findElement(DefaultGenericMobileDriver.java:58)
	at io.appium.java_client.AppiumDriver.findElement(AppiumDriver.java:1)
	at io.appium.java_client.android.AndroidDriver.findElement(AndroidDriver.java:1)
	at utils.CustomUtils.getElement(CustomUtils.java:90)
	at utils.CustomUtils.click(CustomUtils.java:156)
	at screens.productDetailScreen.selectQuantity(productDetailScreen.java:42)
	at action.productAction.verifyProductDetailsAndNavigateToCart(productAction.java:14)
	at test.CheckoutTest.RegisteredUser_CheckoutFlow(CheckoutTest.java:24)
	at sun.reflect.NativeMethodAccessorImpl.invoke0(Native Method)
	at sun.reflect.NativeMethodAccessorImpl.invoke(NativeMethodAccessorImpl.java:62)
	at sun.reflect.DelegatingMethodAccessorImpl.invoke(DelegatingMethodAccessorImpl.java:43)
	at java.lang.reflect.Method.invoke(Method.java:497)
	at org.testng.internal.MethodInvocationHelper.invokeMethod(MethodInvocationHelper.java:85)
	at org.testng.internal.Invoker.invokeMethod(Invoker.java:639)
	at org.testng.internal.Invoker.invokeTestMethod(Invoker.java:816)
	at org.testng.internal.Invoker.invokeTestMethods(Invoker.java:1124)
	at org.testng.internal.TestMethodWorker.invokeTestMethods(TestMethodWorker.java:125)
	at org.testng.internal.TestMethodWorker.run(TestMethodWorker.java:108)
	at org.testng.TestRunner.privateRun(TestRunner.java:774)
	at org.testng.TestRunner.run(TestRunner.java:624)
	at org.testng.SuiteRunner.runTest(SuiteRunner.java:359)
	at org.testng.SuiteRunner.runSequentially(SuiteRunner.java:354)
	at org.testng.SuiteRunner.privateRun(SuiteRunner.java:312)
	at org.testng.SuiteRunner.run(SuiteRunner.java:261)
	at org.testng.SuiteRunnerWorker.runSuite(SuiteRunnerWorker.java:52)
	at org.testng.SuiteRunnerWorker.run(SuiteRunnerWorker.java:86)
	at org.testng.TestNG.runSuitesSequentially(TestNG.java:1191)
	at org.testng.TestNG.runSuitesLocally(TestNG.java:1116)
	at org.testng.TestNG.run(TestNG.java:1024)
	at org.apache.maven.surefire.testng.TestNGExecutor.run(TestNGExecutor.java:283)
	at org.apache.maven.surefire.testng.TestNGXmlTestSuite.execute(TestNGXmlTestSuite.java:75)
	at org.apache.maven.surefire.testng.TestNGProvider.invoke(TestNGProvider.java:120)
	at sun.reflect.NativeMethodAccessorImpl.invoke0(Native Method)
	at sun.reflect.NativeMethodAccessorImpl.invoke(NativeMethodAccessorImpl.java:62)
	at sun.reflect.DelegatingMethodAccessorImpl.invoke(DelegatingMethodAccessorImpl.java:43)
	at java.lang.reflect.Method.invoke(Method.java:497)
	at org.apache.maven.surefire.util.ReflectionUtils.invokeMethodWithArray2(ReflectionUtils.java:206)
	at org.apache.maven.surefire.booter.ProviderFactory$ProviderProxy.invoke(ProviderFactory.java:160)
	at org.apache.maven.surefire.booter.ProviderFactory.invokeProvider(ProviderFactory.java:83)
	at org.apache.maven.plugin.surefire.InPluginVMSurefireStarter.runSuitesInProcess(InPluginVMSurefireStarter.java:87)
	at org.apache.maven.plugin.surefire.AbstractSurefireMojo.executeProvider(AbstractSurefireMojo.java:1132)
	at org.apache.maven.plugin.surefire.AbstractSurefireMojo.executeAfterPreconditionsChecked(AbstractSurefireMojo.java:978)
	at org.apache.maven.plugin.surefire.AbstractSurefireMojo.execute(AbstractSurefireMojo.java:854)
	at org.apache.maven.plugin.DefaultBuildPluginManager.executeMojo(DefaultBuildPluginManager.java:134)
	at org.apache.maven.lifecycle.internal.MojoExecutor.execute(MojoExecutor.java:207)
	at org.apache.maven.lifecycle.internal.MojoExecutor.execute(MojoExecutor.java:153)
	at org.apache.maven.lifecycle.internal.MojoExecutor.execute(MojoExecutor.java:145)
	at org.apache.maven.lifecycle.internal.LifecycleModuleBuilder.buildProject(LifecycleModuleBuilder.java:116)
	at org.apache.maven.lifecycle.internal.LifecycleModuleBuilder.buildProject(LifecycleModuleBuilder.java:80)
	at org.apache.maven.lifecycle.internal.builder.singlethreaded.SingleThreadedBuilder.build(SingleThreadedBuilder.java:51)
	at org.apache.maven.lifecycle.internal.LifecycleStarter.execute(LifecycleStarter.java:128)
	at org.apache.maven.DefaultMaven.doExecute(DefaultMaven.java:307)
	at org.apache.maven.DefaultMaven.doExecute(DefaultMaven.java:193)
	at org.apache.maven.DefaultMaven.execute(DefaultMaven.java:106)
	at org.apache.maven.cli.MavenCli.execute(MavenCli.java:863)
	at org.apache.maven.cli.MavenCli.doMain(MavenCli.java:288)
	at org.apache.maven.cli.MavenCli.main(MavenCli.java:199)
	at sun.reflect.NativeMethodAccessorImpl.invoke0(Native Method)
	at sun.reflect.NativeMethodAccessorImpl.invoke(NativeMethodAccessorImpl.java:62)
	at sun.reflect.DelegatingMethodAccessorImpl.invoke(DelegatingMethodAccessorImpl.java:43)
	at java.lang.reflect.Method.invoke(Method.java:497)
	at org.codehaus.plexus.classworlds.launcher.Launcher.launchEnhanced(Launcher.java:289)
	at org.codehaus.plexus.classworlds.launcher.Launcher.launch(Launcher.java:229)
	at org.codehaus.plexus.classworlds.launcher.Launcher.mainWithExitCode(Launcher.java:415)
	at org.codehaus.plexus.classworlds.launcher.Launcher.main(Launcher.java:356)
]]>
            </full-stacktrace>
          </exception> <!-- org.openqa.selenium.NoSuchElementException -->
          <reporter-output>
            <line>
              <![CDATA[Wed May 09 04:15:55 IST 2018 : Launch Application]]>
            </line>
            <line>
              <![CDATA[Wed May 09 04:15:58 IST 2018 : Click on "Hamburger button in home screen"]]>
            </line>
            <line>
              <![CDATA[Wed May 09 04:16:00 IST 2018 : Click on "Sign in button in hamburger menu"]]>
            </line>
            <line>
              <![CDATA[Wed May 09 04:16:04 IST 2018 : Type "ebaytestassignment@eb.com" in "email id field in sign in screen"]]>
            </line>
            <line>
              <![CDATA[Wed May 09 04:16:09 IST 2018 : Type "Infosys123" in "password field in sign in screen"]]>
            </line>
            <line>
              <![CDATA[Wed May 09 04:16:12 IST 2018 : Click on "Sign in button in sign in screen"]]>
            </line>
            <line>
              <![CDATA[Wed May 09 04:16:15 IST 2018 : Click on "fingerprint maybe later button"]]>
            </line>
            <line>
              <![CDATA[Wed May 09 04:16:25 IST 2018 : Click on "Search input1 in home screen"]]>
            </line>
            <line>
              <![CDATA[Wed May 09 04:16:30 IST 2018 : Type "65-inch TV" in "Search input2 in home screen"]]>
            </line>
            <line>
              <![CDATA[Wed May 09 04:17:12 IST 2018 : Verified invisibility of "loader image"]]>
            </line>
            <line>
              <![CDATA[Wed May 09 04:17:13 IST 2018 : Click on "Auto suggestion list for search item"]]>
            </line>
            <line>
              <![CDATA[Wed May 09 04:17:46 IST 2018 : Clicked on item SONY BRAVIA 65 INCH 65X9300D ULTRA HD 4K SMART LED TV +ONE YEAR DEALER WARRANTY]]>
            </line>
            <line>
              <![CDATA[Wed May 09 04:17:51 IST 2018 : Verified "Product name" contains "SONY BRAVIA 65 INCH 65X9300D ULTRA HD 4K SMART LED TV +ONE YEAR DEALER WARRANTY"]]>
            </line>
            <line>
              <![CDATA[Wed May 09 04:17:51 IST 2018 : Verified "Product price" contains "₹ 2,10,990"]]>
            </line>
            <line>
              <![CDATA[Wed May 09 04:17:54 IST 2018 : Click on "Add to cart button"]]>
            </line>
            <line>
              <![CDATA[ Wed May 09 04:19:02 IST 2018 Test Failed : RegisteredUser_CheckoutFlow]]>
            </line>
          </reporter-output>
        </test-method> <!-- RegisteredUser_CheckoutFlow -->
      </class> <!-- test.CheckoutTest -->
    </test> <!-- Test -->
  </suite> <!-- Suite -->
</testng-results>
