<?xml version="1.0" encoding="UTF-8"?>
<testsuite xmlns:xsi="http://www.w3.org/2001/XMLSchema-instance" xsi:noNamespaceSchemaLocation="https://maven.apache.org/surefire/maven-surefire-plugin/xsd/surefire-test-report.xsd" name="TestSuite" time="84.009" tests="1" errors="0" skipped="0" failures="1">
  <properties>
[...]
</properties>
  <testcase name="RegisteredUser_CheckoutFlow" classname="test.CheckoutTest" time="82.305">
    <failure message="An element could not be located on the page using the given search parameters. (WARNING: The server did not provide any stacktrace information)&#10;Command duration or timeout: 0 milliseconds&#10;For documentation on this error, please visit: http://seleniumhq.org/exceptions/no_such_element.html&#10;Build info: version: &apos;3.11.0&apos;, revision: &apos;e59cfb3&apos;, time: &apos;2018-03-11T20:26:55.152Z&apos;&#10;System info: host: &apos;CHDSEZ3335D&apos;, ip: &apos;10.64.108.240&apos;, os.name: &apos;Mac OS X&apos;, os.arch: &apos;x86_64&apos;, os.version: &apos;10.12.5&apos;, java.version: &apos;1.8.0_77&apos;&#10;Driver info: io.appium.java_client.android.AndroidDriver&#10;Capabilities {app: /Users/vaibhav_singh17/ecli..., automationName: uiautomator2, deviceName: Pixel, javascriptEnabled: true, platform: ANDROID, platformName: ANDROID, platformVersion: 7.0}&#10;Session ID: 4b1c58c1-9954-4d92-9a4a-48a3d01499ef&#10;*** Element info: {Using=id, value=com.ebay.mobile:id/search_box}" type="org.openqa.selenium.NoSuchElementException">org.openqa.selenium.NoSuchElementException: 
An element could not be located on the page using the given search parameters. (WARNING: The server did not provide any stacktrace information)
Command duration or timeout: 0 milliseconds
For documentation on this error, please visit: http://seleniumhq.org/exceptions/no_such_element.html
Build info: version: '3.11.0', revision: 'e59cfb3', time: '2018-03-11T20:26:55.152Z'
System info: host: 'CHDSEZ3335D', ip: '10.64.108.240', os.name: 'Mac OS X', os.arch: 'x86_64', os.version: '10.12.5', java.version: '1.8.0_77'
Driver info: io.appium.java_client.android.AndroidDriver
Capabilities {app: /Users/vaibhav_singh17/ecli..., automationName: uiautomator2, deviceName: Pixel, javascriptEnabled: true, platform: ANDROID, platformName: ANDROID, platformVersion: 7.0}
Session ID: 4b1c58c1-9954-4d92-9a4a-48a3d01499ef
*** Element info: {Using=id, value=com.ebay.mobile:id/search_box}
	at test.CheckoutTest.RegisteredUser_CheckoutFlow(CheckoutTest.java:21)
</failure>
    <system-out><![CDATA[ Tue May 08 20:07:24 IST 2018 Execeution Started : Test
 Tue May 08 20:07:24 IST 2018 Test Started : RegisteredUser_CheckoutFlow
Click on "Hamburger button in home screen"
Click on "Sign in button in hamburger menu"
Click on "Sign in button in hamburger menu"
<?xml version="1.0" encoding="UTF-8"?><hierarchy rotation="0"><android.widget.FrameLayout index="0" text="" class="android.widget.FrameLayout" package="com.ebay.mobile" content-desc="" checkable="false" checked="false" clickable="false" enabled="true" focusable="false" focused="false" scrollable="false" long-clickable="false" password="false" selected="false" bounds="[28,701][1052,1280]" resource-id="" instance="0"><android.widget.LinearLayout index="0" text="" class="android.widget.LinearLayout" package="com.ebay.mobile" content-desc="" checkable="false" checked="false" clickable="false" enabled="true" focusable="false" focused="false" scrollable="false" long-clickable="false" password="false" selected="false" bounds="[68,741][1012,1240]" resource-id="" instance="0"><android.widget.FrameLayout index="0" text="" class="android.widget.FrameLayout" package="com.ebay.mobile" content-desc="" checkable="false" checked="false" clickable="false" enabled="true" focusable="false" focused="false" scrollable="false" long-clickable="false" password="false" selected="false" bounds="[68,741][1012,1240]" resource-id="" instance="1"><android.widget.FrameLayout index="0" text="" class="android.widget.FrameLayout" package="com.ebay.mobile" content-desc="" checkable="false" checked="false" clickable="false" enabled="true" focusable="false" focused="false" scrollable="false" long-clickable="false" password="false" selected="false" bounds="[68,741][1012,1240]" resource-id="com.ebay.mobile:id/action_bar_root" instance="2"><android.widget.FrameLayout index="0" text="" class="android.widget.FrameLayout" package="com.ebay.mobile" content-desc="" checkable="false" checked="false" clickable="false" enabled="true" focusable="false" focused="false" scrollable="false" long-clickable="false" password="false" selected="false" bounds="[68,741][1012,1240]" resource-id="android:id/content" instance="3"><android.support.v7.widget.LinearLayoutCompat index="0" text="" class="android.support.v7.widget.LinearLayoutCompat" package="com.ebay.mobile" content-desc="" checkable="false" checked="false" clickable="false" enabled="true" focusable="false" focused="false" scrollable="false" long-clickable="false" password="false" selected="false" bounds="[68,741][1012,1240]" resource-id="com.ebay.mobile:id/parentPanel" instance="0"><android.widget.LinearLayout index="0" text="" class="android.widget.LinearLayout" package="com.ebay.mobile" content-desc="" checkable="false" checked="false" clickable="false" enabled="true" focusable="false" focused="false" scrollable="false" long-clickable="false" password="false" selected="false" bounds="[68,741][1012,845]" resource-id="com.ebay.mobile:id/topPanel" instance="1"><android.widget.LinearLayout index="0" text="" class="android.widget.LinearLayout" package="com.ebay.mobile" content-desc="" checkable="false" checked="false" clickable="false" enabled="true" focusable="false" focused="false" scrollable="false" long-clickable="false" password="false" selected="false" bounds="[68,741][1012,845]" resource-id="com.ebay.mobile:id/title_template" instance="2"><android.widget.TextView index="0" text="Fingerprint sign in" class="android.widget.TextView" package="com.ebay.mobile" content-desc="" checkable="false" checked="false" clickable="false" enabled="true" focusable="false" focused="false" scrollable="false" long-clickable="false" password="false" selected="false" bounds="[129,787][951,845]" resource-id="com.ebay.mobile:id/alertTitle" instance="0"/></android.widget.LinearLayout></android.widget.LinearLayout><android.widget.FrameLayout index="1" text="" class="android.widget.FrameLayout" package="com.ebay.mobile" content-desc="" checkable="false" checked="false" clickable="false" enabled="true" focusable="false" focused="false" scrollable="false" long-clickable="false" password="false" selected="false" bounds="[68,845][1012,1082]" resource-id="com.ebay.mobile:id/customPanel" instance="4"><android.widget.FrameLayout index="0" text="" class="android.widget.FrameLayout" package="com.ebay.mobile" content-desc="" checkable="false" checked="false" clickable="false" enabled="true" focusable="false" focused="false" scrollable="false" long-clickable="false" password="false" selected="false" bounds="[68,845][1012,1082]" resource-id="com.ebay.mobile:id/custom" instance="5"><android.widget.RelativeLayout index="0" text="" class="android.widget.RelativeLayout" package="com.ebay.mobile" content-desc="" checkable="false" checked="false" clickable="false" enabled="true" focusable="false" focused="false" scrollable="false" long-clickable="false" password="false" selected="false" bounds="[68,845][1012,1082]" resource-id="com.ebay.mobile:id/fingerprint_container" instance="0"><android.widget.TextView index="0" text="Turn on Fingerprint sign in?" class="android.widget.TextView" package="com.ebay.mobile" content-desc="" checkable="false" checked="false" clickable="false" enabled="true" focusable="false" focused="false" scrollable="false" long-clickable="false" password="false" selected="false" bounds="[129,886][554,933]" resource-id="com.ebay.mobile:id/fingerprint_question" instance="1"/><android.widget.TextView index="1" text="Anyone with a fingerprint stored on this device would be able to sign in to this account." class="android.widget.TextView" package="com.ebay.mobile" content-desc="" checkable="false" checked="false" clickable="false" enabled="true" focusable="false" focused="false" scrollable="false" long-clickable="false" password="false" selected="false" bounds="[129,933][951,1062]" resource-id="com.ebay.mobile:id/fingerprint_status" instance="2"/></android.widget.RelativeLayout></android.widget.FrameLayout></android.widget.FrameLayout><android.widget.ScrollView index="2" text="" class="android.widget.ScrollView" package="com.ebay.mobile" content-desc="" checkable="false" checked="false" clickable="false" enabled="true" focusable="true" focused="false" scrollable="false" long-clickable="false" password="false" selected="false" bounds="[68,1082][1012,1240]" resource-id="com.ebay.mobile:id/buttonPanel" instance="0"><android.widget.LinearLayout index="0" text="" class="android.widget.LinearLayout" package="com.ebay.mobile" content-desc="" checkable="false" checked="false" clickable="false" enabled="true" focusable="false" focused="false" scrollable="false" long-clickable="false" password="false" selected="false" bounds="[68,1082][1012,1240]" resource-id="" instance="3"><android.widget.Button index="0" text="MAYBE LATER" class="android.widget.Button" package="com.ebay.mobile" content-desc="" checkable="false" checked="false" clickable="true" enabled="true" focusable="true" focused="false" scrollable="false" long-clickable="false" password="false" selected="false" bounds="[482,1092][734,1230]" resource-id="android:id/button2" instance="0"/><android.widget.Button index="1" text="YES TURN ON" class="android.widget.Button" package="com.ebay.mobile" content-desc="" checkable="false" checked="false" clickable="true" enabled="true" focusable="true" focused="false" scrollable="false" long-clickable="false" password="false" selected="false" bounds="[734,1092][981,1230]" resource-id="android:id/button1" instance="1"/></android.widget.LinearLayout></android.widget.ScrollView></android.support.v7.widget.LinearLayoutCompat></android.widget.FrameLayout></android.widget.FrameLayout></android.widget.FrameLayout></android.widget.LinearLayout></android.widget.FrameLayout></hierarchy>
]]></system-out>
    <system-err><![CDATA[May 08, 2018 8:07:58 PM org.openqa.selenium.remote.ProtocolHandshake createSession
INFO: Detected dialect: OSS
]]></system-err>
  </testcase>
</testsuite>